<?xml version="1.0" encoding="UTF-8"?>
<!-- Generated by org.testng.reporters.JUnitReportReporter -->
<testsuite hostname="LAPTOP-1E5DVH6K" failures="0" tests="3" name="ExtentReports.GenerateExtentReport" time="15.679" errors="0" timestamp="2022-06-25T22:49:26 IST" skipped="0">
  <testcase classname="ExtentReports.GenerateExtentReport" name="openbing" time="4.356"/>
  <system-out/>
  <testcase classname="ExtentReports.GenerateExtentReport" name="opengoogle" time="9.817"/>
  <system-out/>
  <testcase classname="ExtentReports.GenerateExtentReport" name="openWikipedia" time="1.506"/>
  <system-out/>
</testsuite> <!-- ExtentReports.GenerateExtentReport -->
